<?xml version="1.0" encoding="UTF-8"?>
<!-- Generated by org.testng.reporters.JUnitReportReporter -->
<testsuite hostname="LAPTOP-JO1IPVKJ" failures="0" tests="1" name="TestCases.Swag_TC0106" time="14.665" errors="0" timestamp="2022-03-30T21:09:51 IST" skipped="0">
  <testcase classname="TestCases.Swag_TC0106" name="TC0106" time="14.665"/>
  <system-out/>
</testsuite> <!-- TestCases.Swag_TC0106 -->
