<?xml version="1.0" encoding="UTF-8"?>
<!-- Generated by org.testng.reporters.JUnitReportReporter -->
<testsuite hostname="LAPTOP-JO1IPVKJ" failures="0" tests="1" name="TestCases.Swag_TC0102" time="19.240" errors="0" timestamp="2022-03-30T21:09:51 IST" skipped="0">
  <testcase classname="TestCases.Swag_TC0102" name="TC0102" time="19.240"/>
  <system-out/>
</testsuite> <!-- TestCases.Swag_TC0102 -->
